0 info it worked if it ends with ok
1 verbose cli [ '/usr/local/bin/node', '/usr/local/bin/npm', 'install' ]
2 info using npm@1.4.28
3 info using node@v0.10.34
4 warn package.json starter-node-angular@ No description
5 warn package.json starter-node-angular@ No repository field.
6 warn package.json starter-node-angular@ No README data
7 verbose readDependencies using package.json deps
8 verbose install where, deps [ '/home/pi/projects/MEAN',
8 verbose install   [ 'express',
8 verbose install     'express-session',
8 verbose install     'mongoose',
8 verbose install     'body-parser',
8 verbose install     'method-override',
8 verbose install     'lodash' ] ]
9 info preinstall starter-node-angular@
10 verbose readDependencies using package.json deps
11 verbose already installed skipping express@~4.5.1 /home/pi/projects/MEAN
12 verbose cache add [ 'express-session@~1.4.28', null ]
13 verbose cache add name=undefined spec="express-session@~1.4.28" args=["express-session@~1.4.28",null]
14 verbose parsed url { protocol: null,
14 verbose parsed url   slashes: null,
14 verbose parsed url   auth: null,
14 verbose parsed url   host: null,
14 verbose parsed url   port: null,
14 verbose parsed url   hostname: null,
14 verbose parsed url   hash: null,
14 verbose parsed url   search: null,
14 verbose parsed url   query: null,
14 verbose parsed url   pathname: 'express-session@~1.4.28',
14 verbose parsed url   path: 'express-session@~1.4.28',
14 verbose parsed url   href: 'express-session@~1.4.28' }
15 verbose already installed skipping mongoose@~3.8.0 /home/pi/projects/MEAN
16 verbose already installed skipping body-parser@~1.4.2 /home/pi/projects/MEAN
17 verbose already installed skipping method-override@~2.0.2 /home/pi/projects/MEAN
18 verbose cache add [ 'lodash@*', null ]
19 verbose cache add name=undefined spec="lodash@*" args=["lodash@*",null]
20 verbose parsed url { protocol: null,
20 verbose parsed url   slashes: null,
20 verbose parsed url   auth: null,
20 verbose parsed url   host: null,
20 verbose parsed url   port: null,
20 verbose parsed url   hostname: null,
20 verbose parsed url   hash: null,
20 verbose parsed url   search: null,
20 verbose parsed url   query: null,
20 verbose parsed url   pathname: 'lodash@*',
20 verbose parsed url   path: 'lodash@*',
20 verbose parsed url   href: 'lodash@*' }
21 verbose cache add name="express-session" spec="~1.4.28" args=["express-session","~1.4.28"]
22 verbose parsed url { protocol: null,
22 verbose parsed url   slashes: null,
22 verbose parsed url   auth: null,
22 verbose parsed url   host: null,
22 verbose parsed url   port: null,
22 verbose parsed url   hostname: null,
22 verbose parsed url   hash: null,
22 verbose parsed url   search: null,
22 verbose parsed url   query: null,
22 verbose parsed url   pathname: '~1.4.28',
22 verbose parsed url   path: '~1.4.28',
22 verbose parsed url   href: '~1.4.28' }
23 verbose addNamed [ 'express-session', '~1.4.28' ]
24 verbose addNamed [ null, '>=1.4.28-0 <1.5.0-0' ]
25 verbose cache add name="lodash" spec="*" args=["lodash","*"]
26 verbose parsed url { protocol: null,
26 verbose parsed url   slashes: null,
26 verbose parsed url   auth: null,
26 verbose parsed url   host: null,
26 verbose parsed url   port: null,
26 verbose parsed url   hostname: null,
26 verbose parsed url   hash: null,
26 verbose parsed url   search: null,
26 verbose parsed url   query: null,
26 verbose parsed url   pathname: '*',
26 verbose parsed url   path: '*',
26 verbose parsed url   href: '*' }
27 verbose addNamed [ 'lodash', '*' ]
28 verbose addNamed [ null, '*' ]
29 silly lockFile b0718343-express-session-1-4-28 express-session@~1.4.28
30 verbose lock express-session@~1.4.28 /root/.npm/b0718343-express-session-1-4-28.lock
31 silly lockFile 15f92fc8-lodash lodash@*
32 verbose lock lodash@* /root/.npm/15f92fc8-lodash.lock
33 silly addNameRange { name: 'express-session',
33 silly addNameRange   range: '>=1.4.28-0 <1.5.0-0',
33 silly addNameRange   hasData: false }
34 silly addNameRange { name: 'lodash', range: '*', hasData: false }
35 verbose request where is /express-session
36 verbose request registry https://registry.npmjs.org/
37 verbose request id 6aa1eaa8164df64a
38 verbose url raw /express-session
39 verbose url resolving [ 'https://registry.npmjs.org/', './express-session' ]
40 verbose url resolved https://registry.npmjs.org/express-session
41 verbose request where is https://registry.npmjs.org/express-session
42 info trying registry request attempt 1 at 09:38:10
43 verbose etag "315KROA61DIYBDMIVPEGRCVAT"
44 http GET https://registry.npmjs.org/express-session
45 verbose request where is /lodash
46 verbose request registry https://registry.npmjs.org/
47 verbose url raw /lodash
48 verbose url resolving [ 'https://registry.npmjs.org/', './lodash' ]
49 verbose url resolved https://registry.npmjs.org/lodash
50 verbose request where is https://registry.npmjs.org/lodash
51 info trying registry request attempt 1 at 09:38:11
52 verbose etag "3E3HF02KPHOIH59CKI3XYHQ21"
53 http GET https://registry.npmjs.org/lodash
54 http 304 https://registry.npmjs.org/lodash
55 silly registry.get cb [ 304,
55 silly registry.get   { date: 'Sat, 03 Jan 2015 09:38:12 GMT',
55 silly registry.get     server: 'Apache',
55 silly registry.get     via: '1.1 varnish',
55 silly registry.get     'last-modified': 'Sat, 03 Jan 2015 09:37:40 GMT',
55 silly registry.get     'cache-control': 'max-age=60',
55 silly registry.get     etag: '"3E3HF02KPHOIH59CKI3XYHQ21"',
55 silly registry.get     age: '36',
55 silly registry.get     'x-served-by': 'cache-fra1235-FRA',
55 silly registry.get     'x-cache': 'HIT',
55 silly registry.get     'x-cache-hits': '2',
55 silly registry.get     'x-timer': 'S1420277892.260210,VS0,VE0',
55 silly registry.get     vary: 'Accept',
55 silly registry.get     'content-length': '0',
55 silly registry.get     'keep-alive': 'timeout=10, max=50',
55 silly registry.get     connection: 'Keep-Alive' } ]
56 verbose etag https://registry.npmjs.org/lodash from cache
57 http 304 https://registry.npmjs.org/express-session
58 silly registry.get cb [ 304,
58 silly registry.get   { date: 'Sat, 03 Jan 2015 09:38:12 GMT',
58 silly registry.get     server: 'Apache',
58 silly registry.get     via: '1.1 varnish',
58 silly registry.get     'last-modified': 'Sat, 03 Jan 2015 09:32:49 GMT',
58 silly registry.get     'cache-control': 'max-age=60',
58 silly registry.get     etag: '"315KROA61DIYBDMIVPEGRCVAT"',
58 silly registry.get     age: '55',
58 silly registry.get     'x-served-by': 'cache-fra1230-FRA',
58 silly registry.get     'x-cache': 'HIT',
58 silly registry.get     'x-cache-hits': '16',
58 silly registry.get     'x-timer': 'S1420277892.288869,VS0,VE0',
58 silly registry.get     vary: 'Accept',
58 silly registry.get     'content-length': '0',
58 silly registry.get     'keep-alive': 'timeout=10, max=50',
58 silly registry.get     connection: 'Keep-Alive' } ]
59 verbose etag https://registry.npmjs.org/express-session from cache
60 silly addNameRange number 2 { name: 'lodash', range: '*', hasData: true }
61 silly addNameRange versions [ 'lodash',
61 silly addNameRange   [ '0.1.0',
61 silly addNameRange     '0.2.0',
61 silly addNameRange     '0.2.1',
61 silly addNameRange     '0.2.2',
61 silly addNameRange     '0.3.0',
61 silly addNameRange     '0.3.1',
61 silly addNameRange     '0.3.2',
61 silly addNameRange     '0.4.0',
61 silly addNameRange     '0.4.1',
61 silly addNameRange     '0.4.2',
61 silly addNameRange     '0.5.0-rc.1',
61 silly addNameRange     '0.5.0',
61 silly addNameRange     '0.5.1',
61 silly addNameRange     '0.5.2',
61 silly addNameRange     '0.6.0',
61 silly addNameRange     '0.6.1',
61 silly addNameRange     '0.7.0',
61 silly addNameRange     '0.8.0',
61 silly addNameRange     '0.8.1',
61 silly addNameRange     '0.8.2',
61 silly addNameRange     '0.9.0',
61 silly addNameRange     '0.9.1',
61 silly addNameRange     '0.9.2',
61 silly addNameRange     '0.10.0',
61 silly addNameRange     '1.0.0-rc.1',
61 silly addNameRange     '1.0.0-rc.2',
61 silly addNameRange     '1.0.0-rc.3',
61 silly addNameRange     '1.0.0',
61 silly addNameRange     '1.0.1',
61 silly addNameRange     '1.1.0',
61 silly addNameRange     '1.1.1',
61 silly addNameRange     '1.2.0',
61 silly addNameRange     '1.2.1',
61 silly addNameRange     '1.3.0',
61 silly addNameRange     '1.3.1',
61 silly addNameRange     '2.0.0',
61 silly addNameRange     '2.1.0',
61 silly addNameRange     '2.2.0',
61 silly addNameRange     '2.2.1',
61 silly addNameRange     '2.3.0',
61 silly addNameRange     '2.4.0',
61 silly addNameRange     '2.4.1' ] ]
62 verbose addNamed [ 'lodash', '2.4.1' ]
63 verbose addNamed [ '2.4.1', '2.4.1' ]
64 silly lockFile 8502be2a-lodash-2-4-1 lodash@2.4.1
65 verbose lock lodash@2.4.1 /root/.npm/8502be2a-lodash-2-4-1.lock
66 silly addNameRange number 2 { name: 'express-session',
66 silly addNameRange   range: '>=1.4.28-0 <1.5.0-0',
66 silly addNameRange   hasData: true }
67 silly addNameRange versions [ 'express-session',
67 silly addNameRange   [ '1.0.0',
67 silly addNameRange     '1.0.1',
67 silly addNameRange     '1.0.2',
67 silly addNameRange     '1.0.3',
67 silly addNameRange     '1.0.4',
67 silly addNameRange     '1.1.0',
67 silly addNameRange     '1.2.0',
67 silly addNameRange     '1.2.1',
67 silly addNameRange     '1.3.0',
67 silly addNameRange     '1.3.1',
67 silly addNameRange     '1.4.0',
67 silly addNameRange     '1.5.0',
67 silly addNameRange     '1.5.1',
67 silly addNameRange     '1.5.2',
67 silly addNameRange     '1.6.0',
67 silly addNameRange     '1.6.1',
67 silly addNameRange     '1.6.2',
67 silly addNameRange     '1.6.3',
67 silly addNameRange     '1.6.4',
67 silly addNameRange     '1.6.5',
67 silly addNameRange     '1.7.0',
67 silly addNameRange     '1.7.1',
67 silly addNameRange     '1.7.2',
67 silly addNameRange     '1.7.3',
67 silly addNameRange     '1.7.4',
67 silly addNameRange     '1.7.5',
67 silly addNameRange     '1.7.6',
67 silly addNameRange     '1.8.0',
67 silly addNameRange     '1.8.1',
67 silly addNameRange     '1.8.2',
67 silly addNameRange     '1.9.0',
67 silly addNameRange     '1.9.1',
67 silly addNameRange     '1.9.2',
67 silly addNameRange     '1.9.3' ] ]
68 silly lockFile b0718343-express-session-1-4-28 express-session@~1.4.28
69 silly lockFile b0718343-express-session-1-4-28 express-session@~1.4.28
70 silly lockFile 8502be2a-lodash-2-4-1 lodash@2.4.1
71 silly lockFile 8502be2a-lodash-2-4-1 lodash@2.4.1
72 silly lockFile 15f92fc8-lodash lodash@*
73 silly lockFile 15f92fc8-lodash lodash@*
74 error notarget No compatible version found: express-session@'>=1.4.28-0 <1.5.0-0'
74 error notarget Valid install targets:
74 error notarget ["1.0.0","1.0.1","1.0.2","1.0.3","1.0.4","1.1.0","1.2.0","1.2.1","1.3.0","1.3.1","1.4.0","1.5.0","1.5.1","1.5.2","1.6.0","1.6.1","1.6.2","1.6.3","1.6.4","1.6.5","1.7.0","1.7.1","1.7.2","1.7.3","1.7.4","1.7.5","1.7.6","1.8.0","1.8.1","1.8.2","1.9.0","1.9.1","1.9.2","1.9.3"]
74 error notarget
74 error notarget This is most likely not a problem with npm itself.
74 error notarget In most cases you or one of your dependencies are requesting
74 error notarget a package version that doesn't exist.
75 error System Linux 3.12.28+
76 error command "/usr/local/bin/node" "/usr/local/bin/npm" "install"
77 error cwd /home/pi/projects/MEAN
78 error node -v v0.10.34
79 error npm -v 1.4.28
80 error code ETARGET
81 verbose exit [ 1, true ]
